   0  $accept : programa $end

   1  programa : lista_de_sentencias

   2  lista_de_sentencias : sentencia
   3                      | lista_de_sentencias sentencia

   4  sentencia : sentencia_declarativa ';'
   5            | sentencia_ejecutable ';'

   6  sentencia_declarativa : declaracion_de_variable
   7                        | declaracion_de_procedimiento

   8  declaracion_de_variable : tipo lista_de_variables

   9  declaracion_de_procedimiento : PROC ID '(' lista_de_parametros ')' NI '=' CTE '{' cuerpo_del_procedimiento '}'
  10                               | PROC ID '(' ')' NI '=' CTE '{' cuerpo_del_procedimiento '}'

  11  cuerpo_del_procedimiento : lista_de_sentencias

  12  lista_de_parametros : parametro_declarado ',' parametro_declarado ',' parametro_declarado
  13                      | parametro_declarado ',' parametro_declarado
  14                      | parametro_declarado

  15  parametro_declarado : tipo ID
  16                      | REF tipo ID

  17  lista_de_variables : lista_de_variables ',' ID
  18                     | ID

  19  tipo : INTEGER
  20       | FLOAT

  21  sentencia_ejecutable : asignacion
  22                       | sentencia_de_control
  23                       | sentencia_de_iteracion
  24                       | sentencia_de_salida
  25                       | invocacion

  26  asignacion : ID '=' expresion

  27  sentencia_de_control : IF condicion_IF cuerpo_IF END_IF

  28  condicion_IF : '(' condicion ')'

  29  cuerpo_IF : bloque_de_sentencias
  30            | bloque_de_sentencias entra_ELSE bloque_de_sentencias

  31  entra_ELSE : ELSE

  32  condicion : expresion '>' expresion
  33            | expresion '<' expresion
  34            | expresion MAYORIGUAL expresion
  35            | expresion MENORIGUAL expresion
  36            | expresion IGUAL expresion
  37            | expresion DISTINTO expresion

  38  bloque_de_sentencias : '{' lista_de_sentencias '}'

  39  sentencia_de_iteracion : LOOP bloque_de_sentencias UNTIL '(' condicion ')'

  40  sentencia_de_salida : OUT '(' CADENA ')'

  41  invocacion : ID '(' parametro_ejecutable ')'

  42  parametro_ejecutable : ID ':' ID
  43                       | parametro_ejecutable ',' ID ':' ID

  44  expresion : expresion '+' termino
  45            | expresion '-' termino
  46            | termino
  47            | CADENA

  48  termino : termino '*' factor
  49          | termino '/' factor
  50          | factor

  51  factor : CTE
  52         | '-' CTE
  53         | ID

state 0
	$accept : . programa $end  (0)

	ID  shift 1
	IF  shift 2
	PROC  shift 3
	OUT  shift 4
	LOOP  shift 5
	INTEGER  shift 6
	FLOAT  shift 7
	.  error

	programa  goto 8
	lista_de_sentencias  goto 9
	sentencia  goto 10
	sentencia_declarativa  goto 11
	sentencia_ejecutable  goto 12
	declaracion_de_variable  goto 13
	declaracion_de_procedimiento  goto 14
	tipo  goto 15
	asignacion  goto 16
	sentencia_de_control  goto 17
	sentencia_de_iteracion  goto 18
	sentencia_de_salida  goto 19
	invocacion  goto 20


state 1
	asignacion : ID . '=' expresion  (26)
	invocacion : ID . '(' parametro_ejecutable ')'  (41)

	'('  shift 21
	'='  shift 22
	.  error


state 2
	sentencia_de_control : IF . condicion_IF cuerpo_IF END_IF  (27)

	'('  shift 23
	.  error

	condicion_IF  goto 24


state 3
	declaracion_de_procedimiento : PROC . ID '(' lista_de_parametros ')' NI '=' CTE '{' cuerpo_del_procedimiento '}'  (9)
	declaracion_de_procedimiento : PROC . ID '(' ')' NI '=' CTE '{' cuerpo_del_procedimiento '}'  (10)

	ID  shift 25
	.  error


state 4
	sentencia_de_salida : OUT . '(' CADENA ')'  (40)

	'('  shift 26
	.  error


state 5
	sentencia_de_iteracion : LOOP . bloque_de_sentencias UNTIL '(' condicion ')'  (39)

	'{'  shift 27
	.  error

	bloque_de_sentencias  goto 28


state 6
	tipo : INTEGER .  (19)

	.  reduce 19


state 7
	tipo : FLOAT .  (20)

	.  reduce 20


state 8
	$accept : programa . $end  (0)

	$end  accept


state 9
	programa : lista_de_sentencias .  (1)
	lista_de_sentencias : lista_de_sentencias . sentencia  (3)

	ID  shift 1
	IF  shift 2
	PROC  shift 3
	OUT  shift 4
	LOOP  shift 5
	INTEGER  shift 6
	FLOAT  shift 7
	$end  reduce 1

	sentencia  goto 29
	sentencia_declarativa  goto 11
	sentencia_ejecutable  goto 12
	declaracion_de_variable  goto 13
	declaracion_de_procedimiento  goto 14
	tipo  goto 15
	asignacion  goto 16
	sentencia_de_control  goto 17
	sentencia_de_iteracion  goto 18
	sentencia_de_salida  goto 19
	invocacion  goto 20


state 10
	lista_de_sentencias : sentencia .  (2)

	.  reduce 2


state 11
	sentencia : sentencia_declarativa . ';'  (4)

	';'  shift 30
	.  error


state 12
	sentencia : sentencia_ejecutable . ';'  (5)

	';'  shift 31
	.  error


state 13
	sentencia_declarativa : declaracion_de_variable .  (6)

	.  reduce 6


state 14
	sentencia_declarativa : declaracion_de_procedimiento .  (7)

	.  reduce 7


state 15
	declaracion_de_variable : tipo . lista_de_variables  (8)

	ID  shift 32
	.  error

	lista_de_variables  goto 33


state 16
	sentencia_ejecutable : asignacion .  (21)

	.  reduce 21


state 17
	sentencia_ejecutable : sentencia_de_control .  (22)

	.  reduce 22


state 18
	sentencia_ejecutable : sentencia_de_iteracion .  (23)

	.  reduce 23


state 19
	sentencia_ejecutable : sentencia_de_salida .  (24)

	.  reduce 24


state 20
	sentencia_ejecutable : invocacion .  (25)

	.  reduce 25


state 21
	invocacion : ID '(' . parametro_ejecutable ')'  (41)

	ID  shift 34
	.  error

	parametro_ejecutable  goto 35


state 22
	asignacion : ID '=' . expresion  (26)

	ID  shift 36
	CTE  shift 37
	CADENA  shift 38
	'-'  shift 39
	.  error

	expresion  goto 40
	termino  goto 41
	factor  goto 42


state 23
	condicion_IF : '(' . condicion ')'  (28)

	ID  shift 36
	CTE  shift 37
	CADENA  shift 38
	'-'  shift 39
	.  error

	expresion  goto 43
	condicion  goto 44
	termino  goto 41
	factor  goto 42


state 24
	sentencia_de_control : IF condicion_IF . cuerpo_IF END_IF  (27)

	'{'  shift 27
	.  error

	cuerpo_IF  goto 45
	bloque_de_sentencias  goto 46


state 25
	declaracion_de_procedimiento : PROC ID . '(' lista_de_parametros ')' NI '=' CTE '{' cuerpo_del_procedimiento '}'  (9)
	declaracion_de_procedimiento : PROC ID . '(' ')' NI '=' CTE '{' cuerpo_del_procedimiento '}'  (10)

	'('  shift 47
	.  error


state 26
	sentencia_de_salida : OUT '(' . CADENA ')'  (40)

	CADENA  shift 48
	.  error


state 27
	bloque_de_sentencias : '{' . lista_de_sentencias '}'  (38)

	ID  shift 1
	IF  shift 2
	PROC  shift 3
	OUT  shift 4
	LOOP  shift 5
	INTEGER  shift 6
	FLOAT  shift 7
	.  error

	lista_de_sentencias  goto 49
	sentencia  goto 10
	sentencia_declarativa  goto 11
	sentencia_ejecutable  goto 12
	declaracion_de_variable  goto 13
	declaracion_de_procedimiento  goto 14
	tipo  goto 15
	asignacion  goto 16
	sentencia_de_control  goto 17
	sentencia_de_iteracion  goto 18
	sentencia_de_salida  goto 19
	invocacion  goto 20


state 28
	sentencia_de_iteracion : LOOP bloque_de_sentencias . UNTIL '(' condicion ')'  (39)

	UNTIL  shift 50
	.  error


state 29
	lista_de_sentencias : lista_de_sentencias sentencia .  (3)

	.  reduce 3


state 30
	sentencia : sentencia_declarativa ';' .  (4)

	.  reduce 4


state 31
	sentencia : sentencia_ejecutable ';' .  (5)

	.  reduce 5


state 32
	lista_de_variables : ID .  (18)

	.  reduce 18


state 33
	declaracion_de_variable : tipo lista_de_variables .  (8)
	lista_de_variables : lista_de_variables . ',' ID  (17)

	','  shift 51
	';'  reduce 8


state 34
	parametro_ejecutable : ID . ':' ID  (42)

	':'  shift 52
	.  error


state 35
	invocacion : ID '(' parametro_ejecutable . ')'  (41)
	parametro_ejecutable : parametro_ejecutable . ',' ID ':' ID  (43)

	')'  shift 53
	','  shift 54
	.  error


state 36
	factor : ID .  (53)

	.  reduce 53


state 37
	factor : CTE .  (51)

	.  reduce 51


state 38
	expresion : CADENA .  (47)

	.  reduce 47


state 39
	factor : '-' . CTE  (52)

	CTE  shift 55
	.  error


state 40
	asignacion : ID '=' expresion .  (26)
	expresion : expresion . '+' termino  (44)
	expresion : expresion . '-' termino  (45)

	'+'  shift 56
	'-'  shift 57
	';'  reduce 26


state 41
	expresion : termino .  (46)
	termino : termino . '*' factor  (48)
	termino : termino . '/' factor  (49)

	'*'  shift 58
	'/'  shift 59
	MENORIGUAL  reduce 46
	MAYORIGUAL  reduce 46
	IGUAL  reduce 46
	DISTINTO  reduce 46
	';'  reduce 46
	')'  reduce 46
	'>'  reduce 46
	'<'  reduce 46
	'+'  reduce 46
	'-'  reduce 46


state 42
	termino : factor .  (50)

	.  reduce 50


state 43
	condicion : expresion . '>' expresion  (32)
	condicion : expresion . '<' expresion  (33)
	condicion : expresion . MAYORIGUAL expresion  (34)
	condicion : expresion . MENORIGUAL expresion  (35)
	condicion : expresion . IGUAL expresion  (36)
	condicion : expresion . DISTINTO expresion  (37)
	expresion : expresion . '+' termino  (44)
	expresion : expresion . '-' termino  (45)

	MENORIGUAL  shift 60
	MAYORIGUAL  shift 61
	IGUAL  shift 62
	DISTINTO  shift 63
	'>'  shift 64
	'<'  shift 65
	'+'  shift 56
	'-'  shift 57
	.  error


state 44
	condicion_IF : '(' condicion . ')'  (28)

	')'  shift 66
	.  error


state 45
	sentencia_de_control : IF condicion_IF cuerpo_IF . END_IF  (27)

	END_IF  shift 67
	.  error


state 46
	cuerpo_IF : bloque_de_sentencias .  (29)
	cuerpo_IF : bloque_de_sentencias . entra_ELSE bloque_de_sentencias  (30)

	ELSE  shift 68
	END_IF  reduce 29

	entra_ELSE  goto 69


state 47
	declaracion_de_procedimiento : PROC ID '(' . lista_de_parametros ')' NI '=' CTE '{' cuerpo_del_procedimiento '}'  (9)
	declaracion_de_procedimiento : PROC ID '(' . ')' NI '=' CTE '{' cuerpo_del_procedimiento '}'  (10)

	REF  shift 70
	INTEGER  shift 6
	FLOAT  shift 7
	')'  shift 71
	.  error

	tipo  goto 72
	lista_de_parametros  goto 73
	parametro_declarado  goto 74


state 48
	sentencia_de_salida : OUT '(' CADENA . ')'  (40)

	')'  shift 75
	.  error


state 49
	lista_de_sentencias : lista_de_sentencias . sentencia  (3)
	bloque_de_sentencias : '{' lista_de_sentencias . '}'  (38)

	ID  shift 1
	IF  shift 2
	PROC  shift 3
	OUT  shift 4
	LOOP  shift 5
	INTEGER  shift 6
	FLOAT  shift 7
	'}'  shift 76
	.  error

	sentencia  goto 29
	sentencia_declarativa  goto 11
	sentencia_ejecutable  goto 12
	declaracion_de_variable  goto 13
	declaracion_de_procedimiento  goto 14
	tipo  goto 15
	asignacion  goto 16
	sentencia_de_control  goto 17
	sentencia_de_iteracion  goto 18
	sentencia_de_salida  goto 19
	invocacion  goto 20


state 50
	sentencia_de_iteracion : LOOP bloque_de_sentencias UNTIL . '(' condicion ')'  (39)

	'('  shift 77
	.  error


state 51
	lista_de_variables : lista_de_variables ',' . ID  (17)

	ID  shift 78
	.  error


state 52
	parametro_ejecutable : ID ':' . ID  (42)

	ID  shift 79
	.  error


state 53
	invocacion : ID '(' parametro_ejecutable ')' .  (41)

	.  reduce 41


state 54
	parametro_ejecutable : parametro_ejecutable ',' . ID ':' ID  (43)

	ID  shift 80
	.  error


state 55
	factor : '-' CTE .  (52)

	.  reduce 52


state 56
	expresion : expresion '+' . termino  (44)

	ID  shift 36
	CTE  shift 37
	'-'  shift 39
	.  error

	termino  goto 81
	factor  goto 42


state 57
	expresion : expresion '-' . termino  (45)

	ID  shift 36
	CTE  shift 37
	'-'  shift 39
	.  error

	termino  goto 82
	factor  goto 42


state 58
	termino : termino '*' . factor  (48)

	ID  shift 36
	CTE  shift 37
	'-'  shift 39
	.  error

	factor  goto 83


state 59
	termino : termino '/' . factor  (49)

	ID  shift 36
	CTE  shift 37
	'-'  shift 39
	.  error

	factor  goto 84


state 60
	condicion : expresion MENORIGUAL . expresion  (35)

	ID  shift 36
	CTE  shift 37
	CADENA  shift 38
	'-'  shift 39
	.  error

	expresion  goto 85
	termino  goto 41
	factor  goto 42


state 61
	condicion : expresion MAYORIGUAL . expresion  (34)

	ID  shift 36
	CTE  shift 37
	CADENA  shift 38
	'-'  shift 39
	.  error

	expresion  goto 86
	termino  goto 41
	factor  goto 42


state 62
	condicion : expresion IGUAL . expresion  (36)

	ID  shift 36
	CTE  shift 37
	CADENA  shift 38
	'-'  shift 39
	.  error

	expresion  goto 87
	termino  goto 41
	factor  goto 42


state 63
	condicion : expresion DISTINTO . expresion  (37)

	ID  shift 36
	CTE  shift 37
	CADENA  shift 38
	'-'  shift 39
	.  error

	expresion  goto 88
	termino  goto 41
	factor  goto 42


state 64
	condicion : expresion '>' . expresion  (32)

	ID  shift 36
	CTE  shift 37
	CADENA  shift 38
	'-'  shift 39
	.  error

	expresion  goto 89
	termino  goto 41
	factor  goto 42


state 65
	condicion : expresion '<' . expresion  (33)

	ID  shift 36
	CTE  shift 37
	CADENA  shift 38
	'-'  shift 39
	.  error

	expresion  goto 90
	termino  goto 41
	factor  goto 42


state 66
	condicion_IF : '(' condicion ')' .  (28)

	.  reduce 28


state 67
	sentencia_de_control : IF condicion_IF cuerpo_IF END_IF .  (27)

	.  reduce 27


state 68
	entra_ELSE : ELSE .  (31)

	.  reduce 31


state 69
	cuerpo_IF : bloque_de_sentencias entra_ELSE . bloque_de_sentencias  (30)

	'{'  shift 27
	.  error

	bloque_de_sentencias  goto 91


state 70
	parametro_declarado : REF . tipo ID  (16)

	INTEGER  shift 6
	FLOAT  shift 7
	.  error

	tipo  goto 92


state 71
	declaracion_de_procedimiento : PROC ID '(' ')' . NI '=' CTE '{' cuerpo_del_procedimiento '}'  (10)

	NI  shift 93
	.  error


state 72
	parametro_declarado : tipo . ID  (15)

	ID  shift 94
	.  error


state 73
	declaracion_de_procedimiento : PROC ID '(' lista_de_parametros . ')' NI '=' CTE '{' cuerpo_del_procedimiento '}'  (9)

	')'  shift 95
	.  error


state 74
	lista_de_parametros : parametro_declarado . ',' parametro_declarado ',' parametro_declarado  (12)
	lista_de_parametros : parametro_declarado . ',' parametro_declarado  (13)
	lista_de_parametros : parametro_declarado .  (14)

	','  shift 96
	')'  reduce 14


state 75
	sentencia_de_salida : OUT '(' CADENA ')' .  (40)

	.  reduce 40


state 76
	bloque_de_sentencias : '{' lista_de_sentencias '}' .  (38)

	.  reduce 38


state 77
	sentencia_de_iteracion : LOOP bloque_de_sentencias UNTIL '(' . condicion ')'  (39)

	ID  shift 36
	CTE  shift 37
	CADENA  shift 38
	'-'  shift 39
	.  error

	expresion  goto 43
	condicion  goto 97
	termino  goto 41
	factor  goto 42


state 78
	lista_de_variables : lista_de_variables ',' ID .  (17)

	.  reduce 17


state 79
	parametro_ejecutable : ID ':' ID .  (42)

	.  reduce 42


state 80
	parametro_ejecutable : parametro_ejecutable ',' ID . ':' ID  (43)

	':'  shift 98
	.  error


state 81
	expresion : expresion '+' termino .  (44)
	termino : termino . '*' factor  (48)
	termino : termino . '/' factor  (49)

	'*'  shift 58
	'/'  shift 59
	MENORIGUAL  reduce 44
	MAYORIGUAL  reduce 44
	IGUAL  reduce 44
	DISTINTO  reduce 44
	';'  reduce 44
	')'  reduce 44
	'>'  reduce 44
	'<'  reduce 44
	'+'  reduce 44
	'-'  reduce 44


state 82
	expresion : expresion '-' termino .  (45)
	termino : termino . '*' factor  (48)
	termino : termino . '/' factor  (49)

	'*'  shift 58
	'/'  shift 59
	MENORIGUAL  reduce 45
	MAYORIGUAL  reduce 45
	IGUAL  reduce 45
	DISTINTO  reduce 45
	';'  reduce 45
	')'  reduce 45
	'>'  reduce 45
	'<'  reduce 45
	'+'  reduce 45
	'-'  reduce 45


state 83
	termino : termino '*' factor .  (48)

	.  reduce 48


state 84
	termino : termino '/' factor .  (49)

	.  reduce 49


state 85
	condicion : expresion MENORIGUAL expresion .  (35)
	expresion : expresion . '+' termino  (44)
	expresion : expresion . '-' termino  (45)

	'+'  shift 56
	'-'  shift 57
	')'  reduce 35


state 86
	condicion : expresion MAYORIGUAL expresion .  (34)
	expresion : expresion . '+' termino  (44)
	expresion : expresion . '-' termino  (45)

	'+'  shift 56
	'-'  shift 57
	')'  reduce 34


state 87
	condicion : expresion IGUAL expresion .  (36)
	expresion : expresion . '+' termino  (44)
	expresion : expresion . '-' termino  (45)

	'+'  shift 56
	'-'  shift 57
	')'  reduce 36


state 88
	condicion : expresion DISTINTO expresion .  (37)
	expresion : expresion . '+' termino  (44)
	expresion : expresion . '-' termino  (45)

	'+'  shift 56
	'-'  shift 57
	')'  reduce 37


state 89
	condicion : expresion '>' expresion .  (32)
	expresion : expresion . '+' termino  (44)
	expresion : expresion . '-' termino  (45)

	'+'  shift 56
	'-'  shift 57
	')'  reduce 32


state 90
	condicion : expresion '<' expresion .  (33)
	expresion : expresion . '+' termino  (44)
	expresion : expresion . '-' termino  (45)

	'+'  shift 56
	'-'  shift 57
	')'  reduce 33


state 91
	cuerpo_IF : bloque_de_sentencias entra_ELSE bloque_de_sentencias .  (30)

	.  reduce 30


state 92
	parametro_declarado : REF tipo . ID  (16)

	ID  shift 99
	.  error


state 93
	declaracion_de_procedimiento : PROC ID '(' ')' NI . '=' CTE '{' cuerpo_del_procedimiento '}'  (10)

	'='  shift 100
	.  error


state 94
	parametro_declarado : tipo ID .  (15)

	.  reduce 15


state 95
	declaracion_de_procedimiento : PROC ID '(' lista_de_parametros ')' . NI '=' CTE '{' cuerpo_del_procedimiento '}'  (9)

	NI  shift 101
	.  error


state 96
	lista_de_parametros : parametro_declarado ',' . parametro_declarado ',' parametro_declarado  (12)
	lista_de_parametros : parametro_declarado ',' . parametro_declarado  (13)

	REF  shift 70
	INTEGER  shift 6
	FLOAT  shift 7
	.  error

	tipo  goto 72
	parametro_declarado  goto 102


state 97
	sentencia_de_iteracion : LOOP bloque_de_sentencias UNTIL '(' condicion . ')'  (39)

	')'  shift 103
	.  error


state 98
	parametro_ejecutable : parametro_ejecutable ',' ID ':' . ID  (43)

	ID  shift 104
	.  error


state 99
	parametro_declarado : REF tipo ID .  (16)

	.  reduce 16


state 100
	declaracion_de_procedimiento : PROC ID '(' ')' NI '=' . CTE '{' cuerpo_del_procedimiento '}'  (10)

	CTE  shift 105
	.  error


state 101
	declaracion_de_procedimiento : PROC ID '(' lista_de_parametros ')' NI . '=' CTE '{' cuerpo_del_procedimiento '}'  (9)

	'='  shift 106
	.  error


state 102
	lista_de_parametros : parametro_declarado ',' parametro_declarado . ',' parametro_declarado  (12)
	lista_de_parametros : parametro_declarado ',' parametro_declarado .  (13)

	','  shift 107
	')'  reduce 13


state 103
	sentencia_de_iteracion : LOOP bloque_de_sentencias UNTIL '(' condicion ')' .  (39)

	.  reduce 39


state 104
	parametro_ejecutable : parametro_ejecutable ',' ID ':' ID .  (43)

	.  reduce 43


state 105
	declaracion_de_procedimiento : PROC ID '(' ')' NI '=' CTE . '{' cuerpo_del_procedimiento '}'  (10)

	'{'  shift 108
	.  error


state 106
	declaracion_de_procedimiento : PROC ID '(' lista_de_parametros ')' NI '=' . CTE '{' cuerpo_del_procedimiento '}'  (9)

	CTE  shift 109
	.  error


state 107
	lista_de_parametros : parametro_declarado ',' parametro_declarado ',' . parametro_declarado  (12)

	REF  shift 70
	INTEGER  shift 6
	FLOAT  shift 7
	.  error

	tipo  goto 72
	parametro_declarado  goto 110


state 108
	declaracion_de_procedimiento : PROC ID '(' ')' NI '=' CTE '{' . cuerpo_del_procedimiento '}'  (10)

	ID  shift 1
	IF  shift 2
	PROC  shift 3
	OUT  shift 4
	LOOP  shift 5
	INTEGER  shift 6
	FLOAT  shift 7
	.  error

	lista_de_sentencias  goto 111
	sentencia  goto 10
	sentencia_declarativa  goto 11
	sentencia_ejecutable  goto 12
	declaracion_de_variable  goto 13
	declaracion_de_procedimiento  goto 14
	tipo  goto 15
	cuerpo_del_procedimiento  goto 112
	asignacion  goto 16
	sentencia_de_control  goto 17
	sentencia_de_iteracion  goto 18
	sentencia_de_salida  goto 19
	invocacion  goto 20


state 109
	declaracion_de_procedimiento : PROC ID '(' lista_de_parametros ')' NI '=' CTE . '{' cuerpo_del_procedimiento '}'  (9)

	'{'  shift 113
	.  error


state 110
	lista_de_parametros : parametro_declarado ',' parametro_declarado ',' parametro_declarado .  (12)

	.  reduce 12


state 111
	lista_de_sentencias : lista_de_sentencias . sentencia  (3)
	cuerpo_del_procedimiento : lista_de_sentencias .  (11)

	ID  shift 1
	IF  shift 2
	PROC  shift 3
	OUT  shift 4
	LOOP  shift 5
	INTEGER  shift 6
	FLOAT  shift 7
	'}'  reduce 11

	sentencia  goto 29
	sentencia_declarativa  goto 11
	sentencia_ejecutable  goto 12
	declaracion_de_variable  goto 13
	declaracion_de_procedimiento  goto 14
	tipo  goto 15
	asignacion  goto 16
	sentencia_de_control  goto 17
	sentencia_de_iteracion  goto 18
	sentencia_de_salida  goto 19
	invocacion  goto 20


state 112
	declaracion_de_procedimiento : PROC ID '(' ')' NI '=' CTE '{' cuerpo_del_procedimiento . '}'  (10)

	'}'  shift 114
	.  error


state 113
	declaracion_de_procedimiento : PROC ID '(' lista_de_parametros ')' NI '=' CTE '{' . cuerpo_del_procedimiento '}'  (9)

	ID  shift 1
	IF  shift 2
	PROC  shift 3
	OUT  shift 4
	LOOP  shift 5
	INTEGER  shift 6
	FLOAT  shift 7
	.  error

	lista_de_sentencias  goto 111
	sentencia  goto 10
	sentencia_declarativa  goto 11
	sentencia_ejecutable  goto 12
	declaracion_de_variable  goto 13
	declaracion_de_procedimiento  goto 14
	tipo  goto 15
	cuerpo_del_procedimiento  goto 115
	asignacion  goto 16
	sentencia_de_control  goto 17
	sentencia_de_iteracion  goto 18
	sentencia_de_salida  goto 19
	invocacion  goto 20


state 114
	declaracion_de_procedimiento : PROC ID '(' ')' NI '=' CTE '{' cuerpo_del_procedimiento '}' .  (10)

	.  reduce 10


state 115
	declaracion_de_procedimiento : PROC ID '(' lista_de_parametros ')' NI '=' CTE '{' cuerpo_del_procedimiento . '}'  (9)

	'}'  shift 116
	.  error


state 116
	declaracion_de_procedimiento : PROC ID '(' lista_de_parametros ')' NI '=' CTE '{' cuerpo_del_procedimiento '}' .  (9)

	.  reduce 9


39 terminals, 27 nonterminals
54 grammar rules, 117 states
